<?xml version="1.0" encoding="UTF-8" ?>
<testsuites name="vitest tests" tests="131" failures="2" errors="0" time="18.5483843">
    <testsuite name="src/tests/App.test.tsx" timestamp="2025-11-25T01:59:59.903Z" hostname="DESKTOP-VMUK9EL" tests="6" failures="0" errors="0" skipped="0" time="0.1172276">
        <testcase classname="src/tests/App.test.tsx" name="App routing &gt; renders Home on /" time="0.0809818">
        </testcase>
        <testcase classname="src/tests/App.test.tsx" name="App routing &gt; renders Login on /login" time="0.0063449">
        </testcase>
        <testcase classname="src/tests/App.test.tsx" name="App routing &gt; renders Register on /register" time="0.0057074">
        </testcase>
        <testcase classname="src/tests/App.test.tsx" name="App routing &gt; wraps /listings in ProtectedRoute and renders Listings" time="0.0063415">
        </testcase>
        <testcase classname="src/tests/App.test.tsx" name="App routing &gt; wraps /listings/:id in ProtectedRoute and renders ListingDetails" time="0.0062276">
        </testcase>
        <testcase classname="src/tests/App.test.tsx" name="App routing &gt; wraps /profile in ProtectedRoute and renders Profile" time="0.0073091">
        </testcase>
    </testsuite>
    <testsuite name="src/tests/AuthContext.test.tsx" timestamp="2025-11-25T01:59:59.906Z" hostname="DESKTOP-VMUK9EL" tests="5" failures="0" errors="0" skipped="0" time="0.2237173">
        <testcase classname="src/tests/AuthContext.test.tsx" name="AuthProvider + useAuth &gt; initially loads current user and sets loading=false afterwards" time="0.0973159">
        </testcase>
        <testcase classname="src/tests/AuthContext.test.tsx" name="AuthProvider + useAuth &gt; sets user=null if getCurrentUser throws" time="0.0258495">
        </testcase>
        <testcase classname="src/tests/AuthContext.test.tsx" name="AuthProvider + useAuth &gt; login() updates user and isAuthenticated" time="0.0469768">
        </testcase>
        <testcase classname="src/tests/AuthContext.test.tsx" name="AuthProvider + useAuth &gt; logout() clears the user" time="0.0338132">
        </testcase>
        <testcase classname="src/tests/AuthContext.test.tsx" name="AuthProvider + useAuth &gt; throws if useAuth is used outside AuthProvider" time="0.0153294">
        </testcase>
    </testsuite>
    <testsuite name="src/tests/authService.test.tsx" timestamp="2025-11-25T01:59:59.907Z" hostname="DESKTOP-VMUK9EL" tests="1" failures="1" errors="0" skipped="0" time="0">
        <testcase classname="src/tests/authService.test.tsx" name="src/tests/authService.test.tsx" time="0">
            <failure message="No test suite found in file C:/Users/Boris/Desktop/Fontys/3rd_semester/Individual_Project/HousingHelper/front-end/src/tests/authService.test.tsx" type="Error">
Error: No test suite found in file C:/Users/Boris/Desktop/Fontys/3rd_semester/Individual_Project/HousingHelper/front-end/src/tests/authService.test.tsx
            </failure>
        </testcase>
    </testsuite>
    <testsuite name="src/tests/Button.test.tsx" timestamp="2025-11-25T01:59:59.909Z" hostname="DESKTOP-VMUK9EL" tests="5" failures="0" errors="0" skipped="0" time="0.6092151">
        <testcase classname="src/tests/Button.test.tsx" name="Button &gt; renders a button with default props" time="0.3173376">
        </testcase>
        <testcase classname="src/tests/Button.test.tsx" name="Button &gt; applies ghost variant classes" time="0.0838062">
        </testcase>
        <testcase classname="src/tests/Button.test.tsx" name="Button &gt; applies rounded-md radius" time="0.0633926">
        </testcase>
        <testcase classname="src/tests/Button.test.tsx" name="Button &gt; merges custom className" time="0.0692428">
        </testcase>
        <testcase classname="src/tests/Button.test.tsx" name="Button &gt; passes through additional props" time="0.0716923">
        </testcase>
    </testsuite>
    <testsuite name="src/tests/Card.test.tsx" timestamp="2025-11-25T01:59:59.911Z" hostname="DESKTOP-VMUK9EL" tests="3" failures="0" errors="0" skipped="0" time="0.0778696">
        <testcase classname="src/tests/Card.test.tsx" name="Card &gt; renders children" time="0.0627398">
        </testcase>
        <testcase classname="src/tests/Card.test.tsx" name="Card &gt; applies default classes" time="0.0056417">
        </testcase>
        <testcase classname="src/tests/Card.test.tsx" name="Card &gt; merges custom className" time="0.0044863">
        </testcase>
    </testsuite>
    <testsuite name="src/tests/CityCombo.test.tsx" timestamp="2025-11-25T01:59:59.912Z" hostname="DESKTOP-VMUK9EL" tests="7" failures="0" errors="0" skipped="0" time="1.5715667">
        <testcase classname="src/tests/CityCombo.test.tsx" name="CityCombo &gt; shows placeholder and syncs input with value prop" time="0.5011676">
        </testcase>
        <testcase classname="src/tests/CityCombo.test.tsx" name="CityCombo &gt; filters options based on input and respects limit" time="0.2340259">
        </testcase>
        <testcase classname="src/tests/CityCombo.test.tsx" name="CityCombo &gt; shows &apos;No matches&apos; when there are no matches" time="0.1574417">
        </testcase>
        <testcase classname="src/tests/CityCombo.test.tsx" name="CityCombo &gt; calls onChange and closes list when an option is clicked" time="0.1790694">
        </testcase>
        <testcase classname="src/tests/CityCombo.test.tsx" name="CityCombo &gt; closes dropdown when clicking outside" time="0.1963405">
        </testcase>
        <testcase classname="src/tests/CityCombo.test.tsx" name="CityCombo &gt; supports keyboard navigation and Enter to select" time="0.1766003">
        </testcase>
        <testcase classname="src/tests/CityCombo.test.tsx" name="CityCombo &gt; closes dropdown and clears active index on Escape" time="0.1224055">
        </testcase>
    </testsuite>
    <testsuite name="src/tests/Container.test.tsx" timestamp="2025-11-25T01:59:59.913Z" hostname="DESKTOP-VMUK9EL" tests="2" failures="0" errors="0" skipped="0" time="0.0505417">
        <testcase classname="src/tests/Container.test.tsx" name="Container &gt; renders children" time="0.0454555">
        </testcase>
        <testcase classname="src/tests/Container.test.tsx" name="Container &gt; applies the layout classes" time="0.0028582">
        </testcase>
    </testsuite>
    <testsuite name="src/tests/ErrorBoundary.test.tsx" timestamp="2025-11-25T01:59:59.914Z" hostname="DESKTOP-VMUK9EL" tests="3" failures="0" errors="0" skipped="0" time="0.1387071">
        <testcase classname="src/tests/ErrorBoundary.test.tsx" name="ErrorBoundary &gt; renders children when no error occurs" time="0.0851894">
        </testcase>
        <testcase classname="src/tests/ErrorBoundary.test.tsx" name="ErrorBoundary &gt; shows fallback UI when a child throws" time="0.0388933">
        </testcase>
        <testcase classname="src/tests/ErrorBoundary.test.tsx" name="ErrorBoundary &gt; calls console.error when an error is caught" time="0.0098107">
        </testcase>
    </testsuite>
    <testsuite name="src/tests/FiltersPanel.test.tsx" timestamp="2025-11-25T01:59:59.914Z" hostname="DESKTOP-VMUK9EL" tests="8" failures="0" errors="0" skipped="0" time="0.553121">
        <testcase classname="src/tests/FiltersPanel.test.tsx" name="FiltersPanel &gt; renders with default title" time="0.0750801">
        </testcase>
        <testcase classname="src/tests/FiltersPanel.test.tsx" name="FiltersPanel &gt; renders with a custom title" time="0.0101799">
        </testcase>
        <testcase classname="src/tests/FiltersPanel.test.tsx" name="FiltersPanel &gt; sets the aria-label based on the title" time="0.0126551">
        </testcase>
        <testcase classname="src/tests/FiltersPanel.test.tsx" name="FiltersPanel &gt; renders children inside the panel" time="0.0140493">
        </testcase>
        <testcase classname="src/tests/FiltersPanel.test.tsx" name="FiltersPanel &gt; applies a custom className" time="0.0282062">
        </testcase>
        <testcase classname="src/tests/FiltersPanel.test.tsx" name="FiltersPanel &gt; renders the icon" time="0.3757395">
        </testcase>
        <testcase classname="src/tests/FiltersPanel.test.tsx" name="FiltersPanel &gt; renders structural elements (header, content, divider)" time="0.0155561">
        </testcase>
        <testcase classname="src/tests/FiltersPanel.test.tsx" name="FiltersPanel &gt; matches snapshot" time="0.0175947">
        </testcase>
    </testsuite>
    <testsuite name="src/tests/Footer.test.tsx" timestamp="2025-11-25T01:59:59.916Z" hostname="DESKTOP-VMUK9EL" tests="4" failures="0" errors="0" skipped="0" time="0.1415965">
        <testcase classname="src/tests/Footer.test.tsx" name="Footer &gt; renders current year" time="0.0876351">
        </testcase>
        <testcase classname="src/tests/Footer.test.tsx" name="Footer &gt; renders Facebook, Instagram, and LinkedIn links" time="0.017153">
        </testcase>
        <testcase classname="src/tests/Footer.test.tsx" name="Footer &gt; contains correct social URLs" time="0.0139235">
        </testcase>
        <testcase classname="src/tests/Footer.test.tsx" name="Footer &gt; matches snapshot" time="0.0188548">
        </testcase>
    </testsuite>
    <testsuite name="src/tests/Home.test.tsx" timestamp="2025-11-25T01:59:59.916Z" hostname="DESKTOP-VMUK9EL" tests="4" failures="0" errors="0" skipped="0" time="1.284715">
        <testcase classname="src/tests/Home.test.tsx" name="Home page &gt; shows loading then renders PropertyGallery when listings load" time="0.1903528">
        </testcase>
        <testcase classname="src/tests/Home.test.tsx" name="Home page &gt; shows error message when listings fetch fails" time="0.069553">
        </testcase>
        <testcase classname="src/tests/Home.test.tsx" name="Home page &gt; shows empty state when no listings are returned" time="0.0398653">
        </testcase>
        <testcase classname="src/tests/Home.test.tsx" name="Home page &gt; navigates to /listings with query and filters when searching" time="0.9809549">
        </testcase>
    </testsuite>
    <testsuite name="src/tests/Input.test.tsx" timestamp="2025-11-25T01:59:59.917Z" hostname="DESKTOP-VMUK9EL" tests="3" failures="0" errors="0" skipped="0" time="0.3231087">
        <testcase classname="src/tests/Input.test.tsx" name="Input &gt; renders with base classes and placeholder" time="0.0640828">
        </testcase>
        <testcase classname="src/tests/Input.test.tsx" name="Input &gt; merges custom className" time="0.2395052">
        </testcase>
        <testcase classname="src/tests/Input.test.tsx" name="Input &gt; forwards other props (type, onChange, value etc.)" time="0.0159246">
        </testcase>
    </testsuite>
    <testsuite name="src/tests/ListingDetails.test.tsx" timestamp="2025-11-25T01:59:59.919Z" hostname="DESKTOP-VMUK9EL" tests="4" failures="0" errors="0" skipped="0" time="1.1086687">
        <testcase classname="src/tests/ListingDetails.test.tsx" name="ListingDetails &gt; shows loading skeleton initially then renders listing details on success" time="0.9513041">
        </testcase>
        <testcase classname="src/tests/ListingDetails.test.tsx" name="ListingDetails &gt; shows error state when fetch fails" time="0.0308684">
        </testcase>
        <testcase classname="src/tests/ListingDetails.test.tsx" name="ListingDetails &gt; returns null when there is no data (e.g. if id is missing) - no crash" time="0.0065286">
        </testcase>
        <testcase classname="src/tests/ListingDetails.test.tsx" name="ListingDetails &gt; renders map iframe when lat and lon are provided" time="0.1163408">
        </testcase>
    </testsuite>
    <testsuite name="src/tests/Listings.test.tsx" timestamp="2025-11-25T01:59:59.920Z" hostname="DESKTOP-VMUK9EL" tests="7" failures="0" errors="0" skipped="0" time="1.5306289">
        <testcase classname="src/tests/Listings.test.tsx" name="Listings page &gt; loads listings and shows gallery after skeleton" time="0.1873933">
        </testcase>
        <testcase classname="src/tests/Listings.test.tsx" name="Listings page &gt; shows error state when listings fetch fails" time="0.0629374">
        </testcase>
        <testcase classname="src/tests/Listings.test.tsx" name="Listings page &gt; shows empty state when no listings are returned" time="0.0360997">
        </testcase>
        <testcase classname="src/tests/Listings.test.tsx" name="Listings page &gt; requests the next page when clicking Next (pagination)" time="0.5424904">
        </testcase>
        <testcase classname="src/tests/Listings.test.tsx" name="Listings page &gt; performs search and includes q param in API call" time="0.5818421">
        </testcase>
        <testcase classname="src/tests/Listings.test.tsx" name="Listings page &gt; switches to map view when Map button is clicked" time="0.0898371">
            <system-err>
An update to Listings inside a test was not wrapped in act(...).

When testing, code that causes React state updates should be wrapped into act(...):

act(() =&gt; {
  /* fire events that update state */
});
/* assert on the output */

This ensures that you&apos;re testing the behavior the user would see in the browser. Learn more at https://react.dev/link/wrap-tests-with-act
An update to MemoryRouter inside a test was not wrapped in act(...).

When testing, code that causes React state updates should be wrapped into act(...):

act(() =&gt; {
  /* fire events that update state */
});
/* assert on the output */

This ensures that you&apos;re testing the behavior the user would see in the browser. Learn more at https://react.dev/link/wrap-tests-with-act

            </system-err>
        </testcase>
        <testcase classname="src/tests/Listings.test.tsx" name="Listings page &gt; starts directly in map view when view=map in URL" time="0.0246317">
        </testcase>
    </testsuite>
    <testsuite name="src/tests/Login.test.tsx" timestamp="2025-11-25T01:59:59.923Z" hostname="DESKTOP-VMUK9EL" tests="1" failures="1" errors="0" skipped="0" time="0">
        <testcase classname="src/tests/Login.test.tsx" name="src/tests/Login.test.tsx" time="0">
            <failure message="No test suite found in file C:/Users/Boris/Desktop/Fontys/3rd_semester/Individual_Project/HousingHelper/front-end/src/tests/Login.test.tsx" type="Error">
Error: No test suite found in file C:/Users/Boris/Desktop/Fontys/3rd_semester/Individual_Project/HousingHelper/front-end/src/tests/Login.test.tsx
            </failure>
        </testcase>
    </testsuite>
    <testsuite name="src/tests/MapWithListings.test.tsx" timestamp="2025-11-25T01:59:59.924Z" hostname="DESKTOP-VMUK9EL" tests="9" failures="0" errors="0" skipped="0" time="0.2095325">
        <testcase classname="src/tests/MapWithListings.test.tsx" name="MapWithListings &gt; filters out items without valid coordinates" time="0.0796757">
        </testcase>
        <testcase classname="src/tests/MapWithListings.test.tsx" name="MapWithListings &gt; sets bounds when there are valid items" time="0.01222">
        </testcase>
        <testcase classname="src/tests/MapWithListings.test.tsx" name="MapWithListings &gt; does not set bounds when there are no valid items" time="0.0045327">
        </testcase>
        <testcase classname="src/tests/MapWithListings.test.tsx" name="MapWithListings &gt; uses activeId to change marker opacity" time="0.0121345">
        </testcase>
        <testcase classname="src/tests/MapWithListings.test.tsx" name="MapWithListings &gt; calls onPreview when a marker is clicked" time="0.0227978">
        </testcase>
        <testcase classname="src/tests/MapWithListings.test.tsx" name="MapWithListings &gt; renders popup content and calls onPreview when &apos;Quick preview&apos; clicked" time="0.0301117">
        </testcase>
        <testcase classname="src/tests/MapWithListings.test.tsx" name="MapWithListings &gt; uses default details link when getDetailsHref is not provided" time="0.0128176">
        </testcase>
        <testcase classname="src/tests/MapWithListings.test.tsx" name="MapWithListings &gt; uses custom getDetailsHref when provided" time="0.0180012">
        </testcase>
        <testcase classname="src/tests/MapWithListings.test.tsx" name="MapWithListings &gt; calls onBoundsChange on move/zoom events" time="0.0131638">
        </testcase>
    </testsuite>
    <testsuite name="src/tests/Navbar.test.tsx" timestamp="2025-11-25T01:59:59.927Z" hostname="DESKTOP-VMUK9EL" tests="6" failures="0" errors="0" skipped="0" time="0.8910286">
        <testcase classname="src/tests/Navbar.test.tsx" name="Navbar &gt; shows login icon when user is NOT authenticated" time="0.5735365">
        </testcase>
        <testcase classname="src/tests/Navbar.test.tsx" name="Navbar &gt; shows user info and logout when authenticated" time="0.0221518">
        </testcase>
        <testcase classname="src/tests/Navbar.test.tsx" name="Navbar &gt; navigates to /login when unauthenticated user icon is clicked" time="0.1661232">
        </testcase>
        <testcase classname="src/tests/Navbar.test.tsx" name="Navbar &gt; navigates to /profile when authenticated user is clicked" time="0.0193145">
        </testcase>
        <testcase classname="src/tests/Navbar.test.tsx" name="Navbar &gt; calls logout and navigates to /register" time="0.0875364">
        </testcase>
        <testcase classname="src/tests/Navbar.test.tsx" name="Navbar &gt; matches snapshot" time="0.0181365">
        </testcase>
    </testsuite>
    <testsuite name="src/tests/Page.test.tsx" timestamp="2025-11-25T01:59:59.929Z" hostname="DESKTOP-VMUK9EL" tests="4" failures="0" errors="0" skipped="0" time="0.0879137">
        <testcase classname="src/tests/Page.test.tsx" name="Page wrapper &gt; renders children" time="0.0663606">
        </testcase>
        <testcase classname="src/tests/Page.test.tsx" name="Page wrapper &gt; applies custom className" time="0.0042028">
        </testcase>
        <testcase classname="src/tests/Page.test.tsx" name="Page wrapper &gt; has correct base layout classes" time="0.0028157">
        </testcase>
        <testcase classname="src/tests/Page.test.tsx" name="Page wrapper &gt; matches snapshot" time="0.0103543">
        </testcase>
    </testsuite>
    <testsuite name="src/tests/Profile.test.tsx" timestamp="2025-11-25T01:59:59.930Z" hostname="DESKTOP-VMUK9EL" tests="3" failures="0" errors="0" skipped="0" time="0.8228878">
        <testcase classname="src/tests/Profile.test.tsx" name="Profile page &gt; shows login required message when user is not logged in" time="0.4442045">
        </testcase>
        <testcase classname="src/tests/Profile.test.tsx" name="Profile page &gt; renders profile info when user is logged in (with Unknown member date fallback)" time="0.3182567">
        </testcase>
        <testcase classname="src/tests/Profile.test.tsx" name="Profile page &gt; formats and displays member since date when createdAt is provided" time="0.0559483">
        </testcase>
    </testsuite>
    <testsuite name="src/tests/PropertyCard.test.tsx" timestamp="2025-11-25T01:59:59.932Z" hostname="DESKTOP-VMUK9EL" tests="7" failures="0" errors="0" skipped="0" time="0.6533628">
        <testcase classname="src/tests/PropertyCard.test.tsx" name="PropertyCard (Vitest) &gt; renders the property title" time="0.0944859">
        </testcase>
        <testcase classname="src/tests/PropertyCard.test.tsx" name="PropertyCard (Vitest) &gt; renders the property location" time="0.0112471">
        </testcase>
        <testcase classname="src/tests/PropertyCard.test.tsx" name="PropertyCard (Vitest) &gt; renders the property price" time="0.0097404">
        </testcase>
        <testcase classname="src/tests/PropertyCard.test.tsx" name="PropertyCard (Vitest) &gt; renders the image with correct src &amp; alt" time="0.3137046">
        </testcase>
        <testcase classname="src/tests/PropertyCard.test.tsx" name="PropertyCard (Vitest) &gt; wraps everything in a correct &lt;Link&gt;" time="0.0894829">
        </testcase>
        <testcase classname="src/tests/PropertyCard.test.tsx" name="PropertyCard (Vitest) &gt; includes hover-related classes" time="0.114582">
        </testcase>
        <testcase classname="src/tests/PropertyCard.test.tsx" name="PropertyCard (Vitest) &gt; matches snapshot" time="0.0154678">
        </testcase>
    </testsuite>
    <testsuite name="src/tests/PropertyGallery.test.tsx" timestamp="2025-11-25T01:59:59.934Z" hostname="DESKTOP-VMUK9EL" tests="5" failures="0" errors="0" skipped="0" time="0.1600291">
        <testcase classname="src/tests/PropertyGallery.test.tsx" name="PropertyGallery &gt; renders &apos;No properties found.&apos; when items is an empty array" time="0.0714204">
        </testcase>
        <testcase classname="src/tests/PropertyGallery.test.tsx" name="PropertyGallery &gt; renders &apos;No properties found.&apos; when items is undefined at runtime" time="0.0049039">
        </testcase>
        <testcase classname="src/tests/PropertyGallery.test.tsx" name="PropertyGallery &gt; renders a grid of PropertyCard components for each item" time="0.0451261">
        </testcase>
        <testcase classname="src/tests/PropertyGallery.test.tsx" name="PropertyGallery &gt; stretches each card to full height in its column" time="0.013506">
        </testcase>
        <testcase classname="src/tests/PropertyGallery.test.tsx" name="PropertyGallery &gt; matches snapshot" time="0.0209621">
        </testcase>
    </testsuite>
    <testsuite name="src/tests/ProtectedRoute.test.tsx" timestamp="2025-11-25T01:59:59.935Z" hostname="DESKTOP-VMUK9EL" tests="3" failures="0" errors="0" skipped="0" time="0.0934851">
        <testcase classname="src/tests/ProtectedRoute.test.tsx" name="ProtectedRoute &gt; shows loading state when auth is loading" time="0.0729477">
        </testcase>
        <testcase classname="src/tests/ProtectedRoute.test.tsx" name="ProtectedRoute &gt; navigates to /register when not authenticated" time="0.011084">
        </testcase>
        <testcase classname="src/tests/ProtectedRoute.test.tsx" name="ProtectedRoute &gt; renders children when authenticated" time="0.0050001">
        </testcase>
    </testsuite>
    <testsuite name="src/tests/Register.test.tsx" timestamp="2025-11-25T01:59:59.936Z" hostname="DESKTOP-VMUK9EL" tests="1" failures="0" errors="0" skipped="0" time="0.5567406">
        <testcase classname="src/tests/Register.test.tsx" name="Register page &gt; renders layout, section, and registration UI" time="0.5531606">
        </testcase>
    </testsuite>
    <testsuite name="src/tests/RegisterForm.test.tsx" timestamp="2025-11-25T01:59:59.937Z" hostname="DESKTOP-VMUK9EL" tests="5" failures="0" errors="0" skipped="0" time="5.9704307">
        <testcase classname="src/tests/RegisterForm.test.tsx" name="RegisterForm &gt; renders all fields and submit button" time="0.5015405">
        </testcase>
        <testcase classname="src/tests/RegisterForm.test.tsx" name="RegisterForm &gt; submits form successfully and shows success message" time="1.729747">
        </testcase>
        <testcase classname="src/tests/RegisterForm.test.tsx" name="RegisterForm &gt; shows loading state while submitting" time="1.1343577">
        </testcase>
        <testcase classname="src/tests/RegisterForm.test.tsx" name="RegisterForm &gt; shows error message when registration fails" time="1.5128938">
        </testcase>
        <testcase classname="src/tests/RegisterForm.test.tsx" name="RegisterForm &gt; falls back to generic error message if error has no message" time="1.087709">
        </testcase>
    </testsuite>
    <testsuite name="src/tests/SearchBar.test.tsx" timestamp="2025-11-25T01:59:59.938Z" hostname="DESKTOP-VMUK9EL" tests="5" failures="0" errors="0" skipped="0" time="0.6404503">
        <testcase classname="src/tests/SearchBar.test.tsx" name="SearchBar &gt; renders the input field" time="0.0611246">
        </testcase>
        <testcase classname="src/tests/SearchBar.test.tsx" name="SearchBar &gt; updates the input value" time="0.0172158">
        </testcase>
        <testcase classname="src/tests/SearchBar.test.tsx" name="SearchBar &gt; calls onSearch with the current input value" time="0.4173723">
        </testcase>
        <testcase classname="src/tests/SearchBar.test.tsx" name="SearchBar &gt; does not throw if onSearch is undefined" time="0.1244859">
        </testcase>
        <testcase classname="src/tests/SearchBar.test.tsx" name="SearchBar &gt; matches snapshot" time="0.016241">
        </testcase>
    </testsuite>
    <testsuite name="src/tests/SearchFiltersAdvanced.test.tsx" timestamp="2025-11-25T01:59:59.939Z" hostname="DESKTOP-VMUK9EL" tests="9" failures="0" errors="0" skipped="0" time="0.3098746">
        <testcase classname="src/tests/SearchFiltersAdvanced.test.tsx" name="SearchFiltersAdvanced &gt; shows the correct price label based on minPrice/maxPrice" time="0.1039918">
        </testcase>
        <testcase classname="src/tests/SearchFiltersAdvanced.test.tsx" name="SearchFiltersAdvanced &gt; updates type when &apos;Property Type&apos; select changes" time="0.0395623">
        </testcase>
        <testcase classname="src/tests/SearchFiltersAdvanced.test.tsx" name="SearchFiltersAdvanced &gt; updates minPrice/maxPrice when price range changes" time="0.0260222">
        </testcase>
        <testcase classname="src/tests/SearchFiltersAdvanced.test.tsx" name="SearchFiltersAdvanced &gt; passes city value to CityCombo and updates city via onChange" time="0.0333642">
        </testcase>
        <testcase classname="src/tests/SearchFiltersAdvanced.test.tsx" name="SearchFiltersAdvanced &gt; updates bedroomsMin when &apos;Bedrooms (min)&apos; changes" time="0.0220542">
        </testcase>
        <testcase classname="src/tests/SearchFiltersAdvanced.test.tsx" name="SearchFiltersAdvanced &gt; updates bathroomsMin when &apos;Bathrooms (min)&apos; changes" time="0.0219485">
        </testcase>
        <testcase classname="src/tests/SearchFiltersAdvanced.test.tsx" name="SearchFiltersAdvanced &gt; updates furnished and petsAllowed when selects change" time="0.0250584">
        </testcase>
        <testcase classname="src/tests/SearchFiltersAdvanced.test.tsx" name="SearchFiltersAdvanced &gt; updates areaMin and areaMax when inputs change" time="0.0184053">
        </testcase>
        <testcase classname="src/tests/SearchFiltersAdvanced.test.tsx" name="SearchFiltersAdvanced &gt; updates availableFrom when date input changes" time="0.0152563">
        </testcase>
    </testsuite>
    <testsuite name="src/tests/SearchFiltersSmall.test.tsx" timestamp="2025-11-25T01:59:59.941Z" hostname="DESKTOP-VMUK9EL" tests="4" failures="0" errors="0" skipped="0" time="0.2035801">
        <testcase classname="src/tests/SearchFiltersSmall.test.tsx" name="SearchFiltersSmall &gt; sets price select value based on minPrice/maxPrice" time="0.1469258">
        </testcase>
        <testcase classname="src/tests/SearchFiltersSmall.test.tsx" name="SearchFiltersSmall &gt; updates type when &apos;Property Type&apos; select changes" time="0.0293274">
        </testcase>
        <testcase classname="src/tests/SearchFiltersSmall.test.tsx" name="SearchFiltersSmall &gt; updates minPrice/maxPrice when price bucket changes" time="0.0116452">
        </testcase>
        <testcase classname="src/tests/SearchFiltersSmall.test.tsx" name="SearchFiltersSmall &gt; passes city value to CityCombo and merges city on change" time="0.0117193">
        </testcase>
    </testsuite>
    <testsuite name="src/tests/Section.test.tsx" timestamp="2025-11-25T01:59:59.942Z" hostname="DESKTOP-VMUK9EL" tests="3" failures="0" errors="0" skipped="0" time="0.0889773">
        <testcase classname="src/tests/Section.test.tsx" name="Section &gt; renders title and children, with spacing when title is present" time="0.0723699">
        </testcase>
        <testcase classname="src/tests/Section.test.tsx" name="Section &gt; centers the title when center prop is true" time="0.0053137">
        </testcase>
        <testcase classname="src/tests/Section.test.tsx" name="Section &gt; renders without title and without extra margin when title is missing" time="0.0071902">
        </testcase>
    </testsuite>
    <testsuite name="src/tests/Select.test.tsx" timestamp="2025-11-25T01:59:59.943Z" hostname="DESKTOP-VMUK9EL" tests="4" failures="0" errors="0" skipped="0" time="0.1294072">
        <testcase classname="src/tests/Select.test.tsx" name="Select &gt; renders children options" time="0.0975032">
        </testcase>
        <testcase classname="src/tests/Select.test.tsx" name="Select &gt; applies className and forwards props" time="0.010393">
        </testcase>
        <testcase classname="src/tests/Select.test.tsx" name="Select &gt; forwards ref to the underlying select element" time="0.005489">
        </testcase>
        <testcase classname="src/tests/Select.test.tsx" name="Select &gt; handles change events" time="0.0121298">
        </testcase>
    </testsuite>
</testsuites>
