<?xml version="1.0" encoding="UTF-8" ?>
<testsuites name="vitest tests" tests="5" failures="0" errors="0" time="0.2918492">
    <testsuite name="src/tests/PropertyCard.test.tsx" timestamp="2025-10-24T14:09:27.981Z" hostname="DESKTOP-VMUK9EL" tests="1" failures="0" errors="0" skipped="0" time="0.2262342">
        <testcase classname="src/tests/PropertyCard.test.tsx" name="PropertyCard &gt; renders property details correctly" time="0.2239831">
        </testcase>
    </testsuite>
    <testsuite name="src/tests/PropertyGallery.test.tsx" timestamp="2025-10-24T14:09:27.984Z" hostname="DESKTOP-VMUK9EL" tests="4" failures="0" errors="0" skipped="0" time="0.065615">
        <testcase classname="src/tests/PropertyGallery.test.tsx" name="PropertyGallery &gt; renders &apos;No properties found.&apos; when items array is empty" time="0.0366789">
        </testcase>
        <testcase classname="src/tests/PropertyGallery.test.tsx" name="PropertyGallery &gt; renders &apos;No properties found.&apos; when items is undefined" time="0.0024388">
        </testcase>
        <testcase classname="src/tests/PropertyGallery.test.tsx" name="PropertyGallery &gt; renders one visual card (figure) per item" time="0.011713">
        </testcase>
        <testcase classname="src/tests/PropertyGallery.test.tsx" name="PropertyGallery &gt; applies the grid layout classes on the wrapper when items exist" time="0.0114618">
        </testcase>
    </testsuite>
</testsuites>
