TN:
SF:src\App.tsx
FN:11,App
FNF:1
FNH:1
FNDA:6,App
DA:1,1
DA:2,1
DA:3,1
DA:4,1
DA:5,1
DA:6,1
DA:7,1
DA:8,1
DA:9,1
DA:11,1
DA:12,6
DA:13,6
DA:15,6
DA:16,6
DA:17,6
DA:18,6
DA:20,6
DA:21,6
DA:22,6
DA:23,6
DA:24,6
DA:29,6
DA:30,6
DA:31,6
DA:32,6
DA:33,6
DA:38,6
DA:39,6
DA:40,6
DA:41,6
DA:42,6
DA:49,6
LF:32
LH:32
BRDA:11,0,0,6
BRF:1
BRH:1
end_of_record
TN:
SF:src\ErrorBoundary.tsx
FN:8,getDerivedStateFromError
FN:12,componentDidCatch
FN:16,render
FNF:3
FNH:3
FNDA:4,getDerivedStateFromError
FNDA:2,componentDidCatch
FNDA:9,render
DA:1,1
DA:5,1
DA:6,1
DA:8,1
DA:9,4
DA:10,4
DA:12,1
DA:13,2
DA:14,2
DA:16,1
DA:17,9
DA:18,4
DA:19,4
DA:20,4
DA:21,4
DA:24,4
DA:25,5
DA:26,5
DA:27,1
LF:19
LH:19
BRDA:8,0,0,4
BRDA:12,1,0,2
BRDA:16,2,0,9
BRDA:17,3,0,4
BRDA:24,4,0,5
BRF:5
BRH:5
end_of_record
TN:
SF:src\components\gallery\PropertyCard.tsx
FNF:0
FNH:0
DA:1,1
DA:2,1
DA:5,1
DA:6,1
DA:7,1
DA:8,1
DA:9,1
DA:10,1
DA:11,1
DA:12,1
DA:14,1
DA:15,1
DA:16,1
DA:17,1
DA:19,1
DA:21,1
LF:16
LH:16
BRF:0
BRH:0
end_of_record
TN:
SF:src\components\gallery\PropertyGallery.tsx
FN:7,PropertyGallery
FNF:1
FNH:1
FNDA:5,PropertyGallery
DA:1,1
DA:3,1
DA:7,1
DA:8,5
DA:9,5
DA:11,5
DA:12,5
DA:13,5
DA:14,5
DA:15,5
DA:20,5
LF:11
LH:11
BRDA:7,0,0,5
BRDA:8,1,0,4
BRF:2
BRH:2
end_of_record
TN:
SF:src\components\layout\FiltersPanel.tsx
FNF:0
FNH:0
DA:1,1
DA:2,1
DA:6,1
DA:7,1
DA:8,1
DA:9,1
DA:10,1
DA:11,1
DA:12,1
DA:13,1
DA:14,1
DA:15,1
DA:16,1
DA:17,1
DA:18,1
DA:20,1
DA:21,1
DA:22,1
DA:23,1
DA:24,1
DA:25,1
DA:27,1
DA:31,1
DA:32,1
DA:35,1
DA:39,1
LF:26
LH:26
BRF:0
BRH:0
end_of_record
TN:
SF:src\components\layout\Footer.tsx
FN:5,Footer
FNF:1
FNH:1
FNDA:4,Footer
DA:1,1
DA:2,1
DA:3,1
DA:5,1
DA:6,4
DA:7,4
DA:8,4
DA:9,4
DA:10,4
DA:11,4
DA:14,4
DA:15,4
DA:16,4
DA:18,4
DA:19,4
DA:21,4
DA:22,4
DA:29,4
DA:31,1
LF:19
LH:19
BRDA:5,0,0,4
BRF:1
BRH:1
end_of_record
TN:
SF:src\components\layout\Navbar.tsx
FN:8,Navbar
FN:12,handleUserClick
FN:20,handleLogout
FNF:3
FNH:3
FNDA:6,Navbar
FNDA:2,handleUserClick
FNDA:1,handleLogout
DA:1,1
DA:2,1
DA:3,1
DA:4,1
DA:5,1
DA:6,1
DA:8,1
DA:9,6
DA:10,6
DA:12,6
DA:13,2
DA:14,1
DA:15,1
DA:16,1
DA:17,1
DA:18,2
DA:20,6
DA:21,1
DA:22,1
DA:23,1
DA:25,6
DA:26,6
DA:27,6
DA:28,6
DA:29,6
DA:30,6
DA:31,6
DA:33,6
DA:38,6
DA:39,6
DA:40,6
DA:44,6
DA:45,3
DA:46,3
DA:47,3
DA:48,3
DA:50,3
DA:51,3
DA:52,3
DA:55,3
DA:56,3
DA:57,3
DA:58,3
DA:63,6
DA:64,6
DA:65,6
DA:66,6
DA:68,6
DA:76,6
DA:78,1
LF:50
LH:50
BRDA:8,0,0,6
BRDA:44,1,0,3
BRDA:52,2,0,0
BRDA:12,3,0,2
BRDA:13,4,0,1
BRDA:20,5,0,1
BRF:6
BRH:5
end_of_record
TN:
SF:src\components\layout\Page.tsx
FN:7,Page
FNF:1
FNH:1
FNDA:4,Page
DA:7,1
DA:8,4
DA:9,4
DA:10,4
DA:13,4
LF:5
LH:5
BRDA:7,0,0,4
BRDA:9,1,0,3
BRF:2
BRH:2
end_of_record
TN:
SF:src\components\listings\MapWithListings.tsx
FN:53,MapWithListings
FN:106,click
FN:111,onPreview
FN:123,AutoResize
FN:132,ViewEvents
FN:139,moveend
FN:145,zoomend
FN:155,PopupCard
FNF:8
FNH:7
FNDA:9,MapWithListings
FNDA:2,click
FNDA:1,onPreview
FNDA:0,AutoResize
FNDA:9,ViewEvents
FNDA:9,moveend
FNDA:9,zoomend
FNDA:16,PopupCard
DA:1,1
DA:2,1
DA:10,1
DA:11,1
DA:13,1
DA:14,1
DA:15,1
DA:17,1
DA:18,1
DA:19,1
DA:21,1
DA:22,1
DA:23,1
DA:24,1
DA:25,1
DA:50,1
DA:51,1
DA:53,1
DA:54,9
DA:55,9
DA:56,9
DA:57,9
DA:58,9
DA:59,9
DA:60,9
DA:61,9
DA:62,9
DA:63,9
DA:64,9
DA:65,9
DA:66,9
DA:69,9
DA:72,9
DA:73,9
DA:74,9
DA:75,8
DA:76,8
DA:77,9
DA:79,9
DA:80,9
DA:81,9
DA:84,9
DA:85,9
DA:86,9
DA:87,9
DA:88,9
DA:89,9
DA:90,9
DA:91,9
DA:93,9
DA:94,9
DA:95,9
DA:98,9
DA:100,9
DA:101,9
DA:102,9
DA:103,9
DA:104,9
DA:105,9
DA:106,9
DA:108,9
DA:109,9
DA:110,9
DA:111,9
DA:112,9
DA:121,9
DA:123,0
DA:124,0
DA:125,0
DA:126,0
DA:127,0
DA:128,0
DA:129,0
DA:130,0
DA:132,9
DA:133,9
DA:136,9
DA:137,9
DA:138,9
DA:139,9
DA:140,9
DA:141,1
DA:142,1
DA:143,1
DA:144,1
DA:145,9
DA:146,9
DA:147,1
DA:148,1
DA:149,1
DA:150,1
DA:151,9
DA:152,9
DA:153,9
DA:155,16
DA:156,16
DA:157,16
DA:158,16
DA:159,16
DA:161,16
DA:162,16
DA:163,16
DA:165,16
DA:166,16
DA:167,16
DA:168,16
DA:169,16
DA:172,16
DA:173,16
DA:174,16
DA:175,16
DA:181,16
LF:112
LH:104
BRDA:53,0,0,9
BRDA:65,1,0,9
BRDA:66,2,0,26
BRDA:66,3,0,16
BRDA:72,4,0,9
BRDA:73,5,0,0
BRDA:74,6,0,1
BRDA:74,7,0,8
BRDA:75,8,0,16
BRDA:80,9,0,9
BRDA:80,10,0,16
BRDA:105,11,0,2
BRDA:105,12,0,1
BRDA:105,13,0,15
BRDA:112,14,0,2
BRDA:112,15,0,14
BRDA:106,16,0,2
BRDA:111,17,0,1
BRDA:132,18,0,9
BRDA:139,19,0,9
BRDA:140,20,0,8
BRDA:140,21,0,1
BRDA:145,22,0,9
BRDA:146,23,0,8
BRDA:146,24,0,1
BRDA:155,25,0,16
BRDA:159,26,0,0
BRDA:161,27,0,0
BRF:28
BRH:25
end_of_record
TN:
SF:src\components\register\RegisterForm.tsx
FN:5,RegisterForm
FN:16,handleChange
FN:21,handleSubmit
FNF:3
FNH:3
FNDA:141,RegisterForm
FNDA:128,handleChange
FNDA:4,handleSubmit
DA:1,1
DA:3,1
DA:5,1
DA:6,141
DA:7,141
DA:8,141
DA:9,141
DA:10,141
DA:12,141
DA:13,141
DA:14,141
DA:16,141
DA:17,128
DA:18,128
DA:19,128
DA:21,141
DA:22,4
DA:23,4
DA:24,4
DA:25,4
DA:27,4
DA:28,4
DA:29,2
DA:30,2
DA:31,2
DA:32,2
DA:33,2
DA:34,4
DA:35,4
DA:36,4
DA:37,4
DA:39,141
DA:40,141
DA:41,141
DA:42,141
DA:45,141
DA:46,141
DA:47,141
DA:48,141
DA:49,141
DA:50,141
DA:51,141
DA:52,141
DA:56,141
DA:57,141
DA:60,141
DA:61,141
DA:62,141
DA:63,141
DA:64,141
DA:65,141
DA:66,141
DA:67,141
DA:71,141
DA:72,141
DA:73,141
DA:74,141
DA:75,141
DA:78,141
DA:79,141
DA:80,141
DA:81,141
DA:82,141
DA:83,141
DA:84,141
DA:85,141
DA:89,141
DA:90,141
DA:91,141
DA:92,141
DA:94,141
DA:97,141
DA:99,141
DA:100,141
DA:101,141
DA:107,141
DA:109,1
LF:77
LH:77
BRDA:5,0,0,141
BRDA:94,1,0,4
BRDA:94,2,0,137
BRDA:16,3,0,128
BRDA:18,4,0,128
BRDA:21,5,0,4
BRDA:28,6,0,2
BRDA:32,7,0,0
BRDA:32,8,0,0
BRDA:32,9,0,1
BRF:10
BRH:8
end_of_record
TN:
SF:src\components\routing\ProtectedRoute.tsx
FN:9,ProtectedRoute
FNF:1
FNH:1
FNDA:3,ProtectedRoute
DA:1,1
DA:2,1
DA:3,1
DA:9,1
DA:10,3
DA:12,3
DA:13,1
DA:14,1
DA:16,3
DA:17,1
DA:18,1
DA:20,1
DA:21,1
DA:23,1
LF:14
LH:14
BRDA:9,0,0,3
BRDA:12,1,0,1
BRDA:14,2,0,2
BRDA:16,3,0,1
BRF:4
BRH:4
end_of_record
TN:
SF:src\components\search\CityCombo.tsx
FN:13,CityCombo
FN:37,onDoc
FN:46,select
FN:58,onChange
FN:59,onFocus
FN:60,onKeyDown
FN:92,onMouseEnter
FN:93,onMouseDown
FN:94,onClick
FNF:9
FNH:6
FNDA:27,CityCombo
FNDA:1,onDoc
FNDA:2,select
FNDA:6,onChange
FNDA:0,onFocus
FNDA:3,onKeyDown
FNDA:0,onMouseEnter
FNDA:0,onMouseDown
FNDA:1,onClick
DA:1,1
DA:2,1
DA:13,1
DA:14,27
DA:15,27
DA:16,27
DA:17,27
DA:18,27
DA:19,27
DA:21,27
DA:22,8
DA:23,8
DA:24,27
DA:26,27
DA:27,17
DA:28,17
DA:29,10
DA:30,10
DA:31,10
DA:33,10
DA:34,27
DA:36,27
DA:37,7
DA:38,1
DA:39,1
DA:40,1
DA:41,1
DA:42,7
DA:43,7
DA:44,27
DA:46,27
DA:47,2
DA:48,2
DA:49,2
DA:51,27
DA:52,27
DA:53,27
DA:54,27
DA:55,27
DA:56,27
DA:57,27
DA:58,27
DA:59,27
DA:60,27
DA:61,3
DA:62,2
DA:63,2
DA:64,1
DA:65,3
DA:66,27
DA:67,27
DA:68,27
DA:71,27
DA:75,27
DA:76,27
DA:77,27
DA:78,27
DA:80,27
DA:81,27
DA:83,27
DA:84,27
DA:86,27
DA:87,27
DA:88,27
DA:89,27
DA:90,27
DA:91,27
DA:92,27
DA:93,27
DA:94,27
DA:96,27
DA:103,27
LF:72
LH:72
BRDA:13,0,0,27
BRDA:21,1,0,8
BRDA:23,2,0,2
BRDA:23,3,0,6
BRDA:22,4,0,33
BRDA:26,5,0,17
BRDA:28,6,0,7
BRDA:28,7,0,10
BRDA:29,8,0,50
BRDA:31,9,0,50
BRDA:31,10,0,41
BRDA:36,11,0,7
BRDA:37,12,0,1
BRDA:43,13,0,7
BRDA:46,14,0,2
BRDA:47,15,0,0
BRDA:58,16,0,6
BRDA:60,17,0,3
BRDA:61,18,0,1
BRDA:61,19,0,2
BRDA:62,20,0,0
BRDA:63,21,0,1
BRDA:61,22,0,1
BRDA:91,23,0,1
BRDA:91,24,0,28
BRDA:94,25,0,1
BRF:26
BRH:24
end_of_record
TN:
SF:src\components\search\SearchBar.tsx
FN:8,SearchBar
FN:17,onChange
FN:21,onClick
FNF:3
FNH:3
FNDA:7,SearchBar
FNDA:2,onChange
FNDA:2,onClick
DA:1,1
DA:2,1
DA:3,1
DA:4,1
DA:8,1
DA:9,7
DA:11,7
DA:12,7
DA:13,7
DA:14,7
DA:15,7
DA:16,7
DA:17,7
DA:20,7
DA:21,7
DA:25,7
LF:16
LH:16
BRDA:8,0,0,7
BRDA:17,1,0,2
BRDA:21,2,0,2
BRDA:21,3,0,1
BRF:4
BRH:4
end_of_record
TN:
SF:src\components\search\SearchFiltersAdvanced.tsx
FN:11,SearchFiltersAdvanced
FN:12,set
FN:19,onChange
FN:24,onChange
FN:34,onChange
FN:40,onChange
FN:45,onChange
FN:50,onChange
FN:55,onChange
FN:63,onChange
FN:68,onChange
FN:73,onChange
FNF:12
FNH:12
FNDA:9,SearchFiltersAdvanced
FNDA:10,set
FNDA:1,onChange
FNDA:1,onChange
FNDA:1,onChange
FNDA:1,onChange
FNDA:1,onChange
FNDA:1,onChange
FNDA:1,onChange
FNDA:1,onChange
FNDA:1,onChange
FNDA:1,onChange
DA:1,1
DA:2,1
DA:3,1
DA:6,1
DA:11,1
DA:12,9
DA:13,9
DA:14,9
DA:16,9
DA:17,9
DA:19,9
DA:20,9
DA:21,9
DA:24,9
DA:25,1
DA:26,1
DA:27,1
DA:28,9
DA:29,9
DA:32,9
DA:33,9
DA:34,9
DA:35,9
DA:36,9
DA:37,9
DA:40,9
DA:41,9
DA:42,9
DA:45,9
DA:46,9
DA:47,9
DA:50,9
DA:51,9
DA:52,9
DA:55,9
DA:56,9
DA:57,9
DA:60,9
DA:61,9
DA:62,9
DA:63,9
DA:65,9
DA:66,9
DA:67,9
DA:68,9
DA:70,9
DA:71,9
DA:72,9
DA:73,9
DA:77,9
LF:50
LH:50
BRDA:11,0,0,9
BRDA:14,1,0,1
BRDA:14,2,0,8
BRDA:19,3,0,0
BRDA:50,4,0,0
BRDA:55,5,0,0
BRDA:73,6,0,0
BRDA:12,7,0,10
BRDA:14,8,0,18
BRDA:14,9,0,1
BRDA:19,10,0,1
BRDA:19,11,0,0
BRDA:24,12,0,1
BRDA:26,13,0,0
BRDA:26,14,0,0
BRDA:25,15,0,2
BRDA:34,16,0,1
BRDA:40,17,0,1
BRDA:40,18,0,0
BRDA:45,19,0,1
BRDA:45,20,0,0
BRDA:50,21,0,1
BRDA:50,22,0,0
BRDA:55,23,0,1
BRDA:55,24,0,0
BRDA:63,25,0,1
BRDA:63,26,0,0
BRDA:68,27,0,1
BRDA:68,28,0,0
BRDA:73,29,0,1
BRDA:73,30,0,0
BRF:31
BRH:17
end_of_record
TN:
SF:src\components\search\SearchFiltersSmall.tsx
FN:12,SearchFiltersSmall
FN:13,set
FN:19,onChange
FN:26,onChange
FN:37,onChange
FNF:5
FNH:5
FNDA:4,SearchFiltersSmall
FNDA:3,set
FNDA:1,onChange
FNDA:1,onChange
FNDA:1,onChange
DA:1,1
DA:2,1
DA:5,1
DA:8,1
DA:12,1
DA:13,4
DA:14,4
DA:15,4
DA:17,4
DA:18,4
DA:19,4
DA:20,4
DA:21,4
DA:24,4
DA:25,4
DA:26,4
DA:27,1
DA:28,1
DA:29,1
DA:31,4
DA:32,4
DA:35,4
DA:36,4
DA:37,4
DA:38,4
DA:39,4
DA:40,4
DA:44,4
LF:28
LH:28
BRDA:12,0,0,4
BRDA:15,1,0,1
BRDA:15,2,0,3
BRDA:19,3,0,0
BRDA:13,4,0,3
BRDA:15,5,0,8
BRDA:15,6,0,1
BRDA:19,7,0,1
BRDA:19,8,0,0
BRDA:26,9,0,1
BRDA:28,10,0,0
BRDA:28,11,0,0
BRDA:27,12,0,1
BRDA:37,13,0,1
BRF:14
BRH:10
end_of_record
TN:
SF:src\components\ui\Button.tsx
FN:6,Button
FNF:1
FNH:1
FNDA:18,Button
DA:1,1
DA:6,1
DA:7,18
DA:8,18
DA:9,18
DA:10,18
DA:11,18
DA:12,18
DA:13,18
DA:14,18
DA:15,18
DA:16,18
DA:17,18
DA:18,18
DA:19,18
LF:15
LH:15
BRDA:6,0,0,18
BRF:1
BRH:1
end_of_record
TN:
SF:src\components\ui\Card.tsx
FNF:0
FNH:0
DA:1,1
DA:2,1
DA:3,1
LF:3
LH:3
BRF:0
BRH:0
end_of_record
TN:
SF:src\components\ui\Container.tsx
FNF:0
FNH:0
DA:1,1
DA:2,1
DA:3,1
LF:3
LH:3
BRF:0
BRH:0
end_of_record
TN:
SF:src\components\ui\Input.tsx
FNF:0
FNH:0
DA:1,1
DA:2,1
DA:3,1
LF:3
LH:3
BRDA:3,0,0,9
BRF:1
BRH:1
end_of_record
TN:
SF:src\components\ui\Section.tsx
FNF:0
FNH:0
DA:1,1
DA:2,1
DA:6,1
DA:7,1
DA:8,1
DA:9,1
DA:10,1
DA:11,1
DA:12,1
DA:13,1
DA:15,1
DA:18,1
LF:12
LH:12
BRDA:12,0,0,1
BRDA:12,1,0,1
BRDA:18,2,0,2
BRDA:18,3,0,1
BRF:4
BRH:4
end_of_record
TN:
SF:src\components\ui\Select.tsx
FNF:0
FNH:0
DA:1,1
DA:5,1
DA:6,1
DA:7,1
DA:8,1
DA:12,1
LF:6
LH:6
BRF:0
BRH:0
end_of_record
TN:
SF:src\context\AuthContext.tsx
FN:15,AuthProvider
FN:22,initAuth
FN:36,login
FN:41,logout
FN:57,useAuth
FNF:5
FNH:5
FNDA:10,AuthProvider
FNDA:4,initAuth
FNDA:1,login
FNDA:1,logout
FNDA:13,useAuth
DA:1,1
DA:3,1
DA:13,1
DA:15,1
DA:16,10
DA:17,10
DA:18,10
DA:19,10
DA:21,10
DA:22,4
DA:23,4
DA:24,4
DA:25,3
DA:26,4
DA:27,1
DA:28,4
DA:29,4
DA:30,4
DA:31,4
DA:33,4
DA:34,10
DA:36,10
DA:37,1
DA:38,1
DA:39,1
DA:41,10
DA:42,1
DA:43,1
DA:44,1
DA:46,10
DA:47,10
DA:48,10
DA:49,10
DA:50,10
DA:51,10
DA:52,10
DA:54,10
DA:55,10
DA:57,1
DA:58,13
DA:59,13
DA:60,2
DA:61,2
DA:62,10
DA:63,10
LF:45
LH:45
BRDA:15,0,0,10
BRDA:21,1,0,4
BRDA:22,2,0,4
BRDA:24,3,0,3
BRDA:26,4,0,1
BRDA:36,5,0,1
BRDA:41,6,0,1
BRDA:57,7,0,13
BRDA:59,8,0,2
BRDA:61,9,0,10
BRF:10
BRH:10
end_of_record
TN:
SF:src\pages\Home.tsx
FN:17,Home
FN:68,handleSearch
FNF:2
FNH:2
FNDA:20,Home
FNDA:11,handleSearch
DA:1,1
DA:2,1
DA:3,1
DA:4,1
DA:5,1
DA:6,1
DA:7,1
DA:8,1
DA:13,1
DA:17,1
DA:18,20
DA:19,20
DA:21,20
DA:22,20
DA:23,20
DA:25,20
DA:26,20
DA:27,20
DA:29,20
DA:30,20
DA:32,20
DA:33,20
DA:34,4
DA:35,4
DA:36,4
DA:37,4
DA:38,4
DA:39,4
DA:40,4
DA:41,4
DA:42,20
DA:44,20
DA:45,20
DA:46,4
DA:47,4
DA:48,4
DA:49,4
DA:50,4
DA:51,4
DA:52,4
DA:53,4
DA:54,3
DA:55,4
DA:56,4
DA:57,1
DA:58,1
DA:59,1
DA:60,1
DA:61,4
DA:62,4
DA:63,4
DA:64,4
DA:65,4
DA:66,20
DA:68,20
DA:69,11
DA:71,11
DA:72,11
DA:73,11
DA:75,11
DA:76,11
DA:77,11
DA:78,11
DA:79,11
DA:81,11
DA:82,11
DA:83,11
DA:86,20
DA:87,20
DA:88,20
DA:90,20
DA:91,20
DA:92,20
DA:95,20
DA:98,20
DA:99,20
DA:104,20
DA:105,20
DA:107,20
DA:108,20
DA:109,20
DA:110,20
DA:111,20
DA:119,20
DA:123,20
DA:124,20
DA:125,20
DA:126,20
DA:128,20
DA:129,20
DA:130,20
DA:131,20
DA:135,20
DA:136,20
DA:141,20
DA:144,20
DA:146,1
LF:97
LH:97
BRDA:17,0,0,20
BRDA:126,1,0,16
BRDA:128,2,0,16
BRDA:128,3,0,15
BRDA:135,4,0,16
BRDA:135,5,0,15
BRDA:33,6,0,4
BRDA:35,7,0,4
BRDA:39,8,0,0
BRDA:41,9,0,4
BRDA:45,10,0,4
BRDA:47,11,0,4
BRDA:53,12,0,1
BRDA:53,13,0,3
BRDA:55,14,0,3
BRDA:55,15,0,0
BRDA:56,16,0,1
BRDA:58,17,0,0
BRDA:65,18,0,4
BRDA:68,19,0,11
BRDA:82,20,0,0
BRF:21
BRH:17
end_of_record
TN:
SF:src\pages\ListingDetails.tsx
FN:20,formatMoney
FN:29,joinAddress
FN:36,numOrUndef
FN:40,dateOrUndef
FN:50,ListingDetails
FN:58,run
FN:227,Row
FN:237,SectionCard
FN:241,FactsBar
FN:266,DetailItem
FNF:10
FNH:10
FNDA:5,formatMoney
FNDA:2,joinAddress
FNDA:6,numOrUndef
FNDA:8,dateOrUndef
FNDA:7,ListingDetails
FNDA:3,run
FNDA:12,Row
FNDA:7,SectionCard
FNDA:2,FactsBar
FNDA:18,DetailItem
DA:1,1
DA:2,1
DA:3,1
DA:15,1
DA:18,1
DA:20,5
DA:21,5
DA:22,0
DA:23,0
DA:24,0
DA:25,0
DA:26,0
DA:27,5
DA:29,2
DA:30,2
DA:31,2
DA:32,2
DA:33,2
DA:34,2
DA:36,6
DA:37,6
DA:38,6
DA:40,8
DA:41,8
DA:42,8
DA:43,8
DA:44,8
DA:45,8
DA:46,0
DA:47,0
DA:48,8
DA:50,1
DA:51,7
DA:52,7
DA:53,7
DA:54,7
DA:56,7
DA:57,4
DA:58,4
DA:59,3
DA:60,3
DA:61,3
DA:62,3
DA:63,3
DA:64,1
DA:65,1
DA:66,1
DA:67,2
DA:68,2
DA:69,3
DA:70,1
DA:71,3
DA:72,3
DA:73,3
DA:74,3
DA:75,4
DA:76,4
DA:77,4
DA:78,4
DA:79,7
DA:81,7
DA:82,7
DA:83,7
DA:85,7
DA:86,4
DA:87,4
DA:88,4
DA:89,4
DA:90,4
DA:91,4
DA:92,4
DA:93,4
DA:97,4
DA:99,7
DA:100,1
DA:101,1
DA:102,1
DA:103,1
DA:104,1
DA:105,1
DA:106,1
DA:107,1
DA:108,1
DA:114,1
DA:116,7
DA:118,2
DA:119,2
DA:120,2
DA:121,2
DA:122,2
DA:124,2
DA:125,2
DA:126,2
DA:127,2
DA:128,2
DA:129,7
DA:130,7
DA:135,7
DA:138,7
DA:139,7
DA:140,7
DA:141,7
DA:142,7
DA:143,7
DA:144,7
DA:148,7
DA:149,7
DA:150,7
DA:153,7
DA:154,7
DA:155,7
DA:156,7
DA:157,7
DA:158,7
DA:159,7
DA:162,7
DA:163,7
DA:164,7
DA:165,7
DA:166,7
DA:167,7
DA:169,7
DA:176,7
DA:177,7
DA:178,7
DA:179,7
DA:182,7
DA:183,7
DA:184,7
DA:185,7
DA:186,7
DA:187,7
DA:188,7
DA:189,7
DA:190,7
DA:191,7
DA:195,7
DA:196,7
DA:197,7
DA:198,7
DA:202,7
DA:203,7
DA:204,7
DA:205,7
DA:206,7
DA:207,7
DA:210,7
DA:211,7
DA:212,7
DA:213,7
DA:214,7
DA:215,7
DA:216,7
DA:217,7
DA:225,7
DA:227,12
DA:228,12
DA:229,12
DA:230,12
DA:231,12
DA:232,12
DA:235,12
DA:237,7
DA:238,7
DA:239,7
DA:241,2
DA:242,2
DA:243,2
DA:244,2
DA:245,2
DA:246,2
DA:247,2
DA:249,2
DA:250,2
DA:252,2
DA:253,2
DA:254,2
DA:255,2
DA:256,2
DA:257,2
DA:258,2
DA:264,2
DA:266,18
DA:267,18
DA:268,18
DA:269,18
DA:270,18
DA:271,18
DA:274,18
LF:189
LH:182
BRDA:20,0,0,5
BRDA:21,1,0,0
BRDA:29,2,0,2
BRDA:32,3,0,0
BRDA:33,4,0,0
BRDA:33,5,0,0
BRDA:36,6,0,6
BRDA:37,7,0,0
BRDA:40,8,0,8
BRDA:41,9,0,0
BRDA:45,10,0,0
BRDA:50,11,0,7
BRDA:82,12,0,2
BRDA:82,13,0,5
BRDA:82,14,0,0
BRDA:82,15,0,5
BRDA:83,16,0,2
BRDA:83,17,0,5
BRDA:83,18,0,0
BRDA:83,19,0,5
BRDA:85,20,0,4
BRDA:97,21,0,3
BRDA:99,22,0,1
BRDA:114,23,0,2
BRDA:116,24,0,0
BRDA:116,25,0,2
BRDA:135,26,0,2
BRDA:135,27,0,2
BRDA:135,28,0,2
BRDA:150,29,0,0
BRDA:186,30,0,2
BRDA:186,31,0,0
BRDA:202,32,0,2
BRDA:207,33,0,0
BRDA:56,34,0,4
BRDA:75,35,0,3
BRDA:58,36,0,3
BRDA:63,37,0,1
BRDA:65,38,0,0
BRDA:66,39,0,2
BRDA:69,40,0,1
BRDA:70,41,0,0
BRDA:76,42,0,4
BRDA:81,43,0,6
BRDA:81,44,0,2
BRDA:81,45,0,4
BRDA:227,46,0,12
BRDA:228,47,0,0
BRDA:237,48,0,7
BRDA:241,49,0,2
BRDA:243,50,0,0
BRDA:244,51,0,0
BRDA:245,52,0,1
BRDA:245,53,0,1
BRDA:245,54,0,0
BRDA:246,55,0,0
BRDA:246,56,0,0
BRDA:250,57,0,0
BRDA:266,58,0,18
BRDA:267,59,0,0
BRF:60
BRH:37
end_of_record
TN:
SF:src\pages\Listings.tsx
FN:25,Listings
FN:190,num
FN:247,handleSearch
FN:253,resetAll
FN:270,buildDetailsHref
FN:287,onSearch
FN:299,onChange
FN:329,onClick
FN:339,onClick
FN:353,onClick
FN:370,onClick
FN:377,onClick
FN:385,onSearch
FN:396,onChange
FN:414,onClick
FN:447,onClick
FN:462,onClick
FN:492,onBoundsChange
FN:493,onPreview
FN:494,getDetailsHref
FN:527,onClick
FN:533,onClick
FNF:22
FNH:5
FNDA:90,Listings
FNDA:102,num
FNDA:0,handleSearch
FNDA:0,resetAll
FNDA:0,buildDetailsHref
FNDA:9,onSearch
FNDA:0,onChange
FNDA:0,onClick
FNDA:0,onClick
FNDA:1,onClick
FNDA:0,onClick
FNDA:0,onClick
FNDA:0,onSearch
FNDA:0,onChange
FNDA:0,onClick
FNDA:0,onClick
FNDA:1,onClick
FNDA:0,onBoundsChange
FNDA:0,onPreview
FNDA:0,getDetailsHref
FNDA:0,onClick
FNDA:0,onClick
DA:1,1
DA:2,1
DA:3,1
DA:4,1
DA:5,1
DA:6,1
DA:7,1
DA:8,1
DA:9,1
DA:10,1
DA:11,1
DA:25,1
DA:26,90
DA:27,90
DA:29,90
DA:30,90
DA:31,90
DA:32,90
DA:33,90
DA:34,90
DA:35,90
DA:36,90
DA:37,90
DA:38,90
DA:40,90
DA:42,90
DA:47,90
DA:49,90
DA:50,90
DA:51,90
DA:53,90
DA:54,7
DA:55,7
DA:56,7
DA:57,90
DA:58,7
DA:59,7
DA:60,7
DA:61,90
DA:63,90
DA:64,90
DA:65,90
DA:68,90
DA:69,90
DA:70,90
DA:71,90
DA:74,90
DA:75,90
DA:76,0
DA:77,0
DA:78,90
DA:81,90
DA:82,90
DA:83,7
DA:84,7
DA:85,7
DA:86,7
DA:87,7
DA:88,7
DA:89,7
DA:90,7
DA:91,0
DA:92,0
DA:93,7
DA:94,7
DA:95,90
DA:97,90
DA:98,90
DA:99,35
DA:100,35
DA:102,35
DA:103,35
DA:104,35
DA:105,35
DA:106,35
DA:107,35
DA:108,35
DA:109,35
DA:110,35
DA:111,35
DA:112,35
DA:113,35
DA:114,35
DA:116,35
DA:117,35
DA:118,35
DA:119,35
DA:120,35
DA:121,35
DA:122,35
DA:123,35
DA:124,35
DA:125,35
DA:126,35
DA:127,35
DA:128,35
DA:129,35
DA:130,35
DA:132,35
DA:133,0
DA:134,0
DA:135,0
DA:136,0
DA:137,0
DA:139,35
DA:140,35
DA:141,35
DA:142,35
DA:143,90
DA:145,90
DA:146,90
DA:147,90
DA:148,10
DA:150,10
DA:151,9
DA:152,9
DA:153,0
DA:154,9
DA:156,10
DA:157,10
DA:158,10
DA:159,10
DA:160,10
DA:161,10
DA:162,10
DA:163,10
DA:164,10
DA:165,10
DA:166,10
DA:167,10
DA:168,10
DA:169,10
DA:170,10
DA:171,110
DA:172,0
DA:173,110
DA:175,10
DA:176,10
DA:177,10
DA:178,10
DA:180,10
DA:181,10
DA:182,90
DA:185,90
DA:186,90
DA:187,17
DA:188,17
DA:190,17
DA:191,102
DA:192,102
DA:193,102
DA:195,17
DA:196,17
DA:197,17
DA:198,17
DA:199,17
DA:200,17
DA:201,17
DA:202,17
DA:203,17
DA:204,17
DA:205,17
DA:206,17
DA:207,17
DA:209,17
DA:210,17
DA:211,17
DA:212,17
DA:213,90
DA:215,90
DA:216,90
DA:217,35
DA:218,35
DA:219,35
DA:220,35
DA:221,35
DA:222,35
DA:223,35
DA:224,35
DA:225,17
DA:226,35
DA:227,35
DA:228,35
DA:229,18
DA:230,18
DA:231,18
DA:232,18
DA:233,18
DA:234,35
DA:235,35
DA:236,35
DA:237,35
DA:238,35
DA:239,90
DA:241,90
DA:242,35
DA:243,35
DA:244,90
DA:247,90
DA:248,0
DA:249,0
DA:250,0
DA:251,0
DA:253,90
DA:254,0
DA:255,0
DA:256,0
DA:257,0
DA:258,0
DA:260,90
DA:262,90
DA:263,90
DA:264,90
DA:265,90
DA:270,90
DA:272,90
DA:273,90
DA:274,90
DA:276,90
DA:277,90
DA:279,90
DA:280,90
DA:281,90
DA:282,90
DA:284,90
DA:285,90
DA:286,90
DA:287,90
DA:288,9
DA:289,9
DA:290,9
DA:291,9
DA:292,90
DA:293,90
DA:297,90
DA:298,90
DA:299,90
DA:300,0
DA:301,0
DA:302,0
DA:303,0
DA:304,90
DA:307,90
DA:308,90
DA:309,90
DA:310,90
DA:311,90
DA:312,90
DA:315,90
DA:316,90
DA:317,61
DA:318,29
DA:324,90
DA:325,90
DA:327,90
DA:328,90
DA:329,90
DA:330,90
DA:334,90
DA:335,90
DA:336,90
DA:337,90
DA:338,90
DA:339,90
DA:340,0
DA:341,0
DA:342,0
DA:343,0
DA:344,0
DA:345,90
DA:346,90
DA:349,90
DA:350,90
DA:351,90
DA:352,90
DA:353,90
DA:354,1
DA:355,1
DA:356,1
DA:357,1
DA:358,1
DA:359,90
DA:360,90
DA:366,90
DA:367,90
DA:368,90
DA:369,90
DA:370,90
DA:372,90
DA:373,90
DA:374,90
DA:375,90
DA:376,90
DA:377,90
DA:378,90
DA:383,90
DA:384,90
DA:385,90
DA:386,0
DA:387,0
DA:388,0
DA:389,90
DA:390,90
DA:394,90
DA:395,90
DA:396,90
DA:397,0
DA:398,0
DA:399,0
DA:400,0
DA:401,90
DA:404,90
DA:405,90
DA:406,90
DA:407,90
DA:408,90
DA:409,90
DA:412,90
DA:413,90
DA:414,90
DA:415,90
DA:416,90
DA:424,90
DA:425,84
DA:426,84
DA:427,58
DA:428,58
DA:429,17
DA:430,17
DA:431,17
DA:433,84
DA:434,3
DA:435,3
DA:436,3
DA:437,3
DA:438,3
DA:442,3
DA:443,84
DA:444,84
DA:445,84
DA:446,84
DA:447,84
DA:448,0
DA:449,0
DA:450,0
DA:451,0
DA:452,84
DA:453,84
DA:456,84
DA:457,84
DA:458,84
DA:460,84
DA:461,84
DA:462,84
DA:463,1
DA:464,1
DA:465,1
DA:466,1
DA:467,84
DA:468,84
DA:476,90
DA:477,90
DA:478,90
DA:479,90
DA:480,90
DA:481,3
DA:483,90
DA:484,3
DA:485,3
DA:486,3
DA:487,3
DA:488,3
DA:489,3
DA:490,3
DA:491,3
DA:492,90
DA:493,90
DA:494,90
DA:495,90
DA:498,90
DA:499,90
DA:500,90
DA:501,90
DA:502,90
DA:503,90
DA:504,90
DA:507,90
DA:508,90
DA:509,90
DA:511,90
DA:512,90
DA:513,90
DA:516,90
DA:517,90
DA:518,90
DA:519,90
DA:520,90
DA:524,90
DA:525,90
DA:526,90
DA:527,90
DA:528,90
DA:531,90
DA:532,90
DA:533,90
DA:534,0
DA:536,90
DA:549,90
DA:552,90
DA:554,1
LF:410
LH:369
BRDA:25,0,0,90
BRDA:316,1,0,61
BRDA:317,2,0,29
BRDA:318,3,0,5
BRDA:318,4,0,24
BRDA:337,5,0,84
BRDA:337,6,0,6
BRDA:351,7,0,6
BRDA:351,8,0,84
BRDA:424,9,0,84
BRDA:426,10,0,58
BRDA:428,11,0,17
BRDA:433,12,0,3
BRDA:452,13,0,2
BRDA:458,14,0,2
BRDA:458,15,0,4
BRDA:467,16,0,1
BRDA:53,17,0,7
BRDA:55,18,0,0
BRDA:57,19,0,7
BRDA:59,20,0,0
BRDA:65,21,0,7
BRDA:70,22,0,24
BRDA:70,23,0,7
BRDA:82,24,0,7
BRDA:84,25,0,7
BRDA:90,26,0,0
BRDA:94,27,0,7
BRDA:98,28,0,35
BRDA:100,29,0,18
BRDA:116,30,0,0
BRDA:117,31,0,0
BRDA:119,32,0,0
BRDA:121,33,0,0
BRDA:123,34,0,0
BRDA:125,35,0,0
BRDA:126,36,0,0
BRDA:127,37,0,0
BRDA:128,38,0,0
BRDA:129,39,0,0
BRDA:130,40,0,0
BRDA:132,41,0,3
BRDA:132,42,0,0
BRDA:142,43,0,0
BRDA:147,44,0,10
BRDA:150,45,0,9
BRDA:152,46,0,0
BRDA:170,47,0,110
BRDA:171,48,0,0
BRDA:171,49,0,0
BRDA:171,50,0,0
BRDA:175,51,0,0
BRDA:186,52,0,17
BRDA:187,53,0,8
BRDA:212,54,0,10
BRDA:190,55,0,102
BRDA:192,56,0,0
BRDA:216,57,0,35
BRDA:218,58,0,35
BRDA:223,59,0,19
BRDA:224,60,0,2
BRDA:224,61,0,17
BRDA:226,62,0,17
BRDA:226,63,0,0
BRDA:227,64,0,17
BRDA:227,65,0,17
BRDA:227,66,0,0
BRDA:228,67,0,18
BRDA:230,68,0,0
BRDA:238,69,0,35
BRDA:241,70,0,35
BRDA:287,71,0,9
BRDA:353,72,0,1
BRDA:462,73,0,1
BRDA:480,74,0,3
BRDA:483,75,0,3
BRDA:488,76,0,0
BRDA:489,77,0,1
BRDA:490,78,0,0
BRF:79
BRH:52
end_of_record
TN:
SF:src\pages\Login.tsx
FN:8,Login
FN:16,handleSubmit
FN:70,onChange
FN:89,onChange
FNF:4
FNH:4
FNDA:158,Login
FNDA:5,handleSubmit
FNDA:81,onChange
FNDA:64,onChange
DA:1,1
DA:2,1
DA:3,1
DA:4,1
DA:5,1
DA:6,1
DA:8,1
DA:9,158
DA:10,158
DA:12,158
DA:13,158
DA:14,158
DA:16,158
DA:17,5
DA:18,5
DA:20,5
DA:21,5
DA:22,2
DA:23,5
DA:24,3
DA:26,3
DA:27,2
DA:28,2
DA:29,1
DA:30,0
DA:31,0
DA:32,0
DA:33,0
DA:34,0
DA:35,0
DA:36,0
DA:38,3
DA:39,3
DA:40,5
DA:43,158
DA:44,158
DA:45,158
DA:47,158
DA:48,158
DA:49,158
DA:52,158
DA:56,158
DA:58,158
DA:59,158
DA:60,158
DA:61,158
DA:62,158
DA:65,158
DA:66,158
DA:67,158
DA:68,158
DA:69,158
DA:70,158
DA:71,158
DA:72,158
DA:77,158
DA:78,158
DA:79,158
DA:80,158
DA:81,158
DA:84,158
DA:85,158
DA:86,158
DA:87,158
DA:88,158
DA:89,158
DA:90,158
DA:91,158
DA:95,158
DA:96,158
DA:97,158
DA:98,158
DA:102,158
DA:105,158
DA:106,158
DA:108,158
DA:109,158
DA:110,158
DA:111,158
DA:118,158
DA:121,158
LF:81
LH:74
BRDA:8,0,0,158
BRDA:16,1,0,5
BRDA:21,2,0,2
BRDA:23,3,0,3
BRDA:26,4,0,2
BRDA:26,5,0,2
BRDA:28,6,0,1
BRDA:29,7,0,0
BRDA:70,8,0,81
BRDA:89,9,0,64
BRF:10
BRH:9
end_of_record
TN:
SF:src\pages\Profile.tsx
FN:8,Profile
FNF:1
FNH:1
FNDA:3,Profile
DA:1,1
DA:2,1
DA:3,1
DA:4,1
DA:5,1
DA:6,1
DA:8,1
DA:9,3
DA:11,3
DA:12,1
DA:13,1
DA:14,1
DA:15,1
DA:16,1
DA:17,1
DA:20,1
DA:21,1
DA:22,1
DA:23,1
DA:28,1
DA:31,1
DA:33,2
DA:34,1
DA:35,1
DA:37,3
DA:38,3
DA:39,3
DA:41,3
DA:42,3
DA:43,3
DA:46,3
DA:50,3
DA:51,3
DA:52,3
DA:55,3
DA:58,3
DA:59,3
DA:62,3
DA:65,3
DA:66,3
DA:69,3
DA:74,3
DA:75,3
DA:76,3
DA:77,3
DA:78,3
DA:82,3
DA:83,3
DA:84,3
DA:85,3
DA:92,3
DA:95,3
DA:97,1
LF:53
LH:53
BRDA:8,0,0,3
BRDA:11,1,0,1
BRDA:31,2,0,2
BRDA:34,3,0,1
BRDA:34,4,0,1
BRF:5
BRH:5
end_of_record
TN:
SF:src\pages\Register.tsx
FN:9,Register
FNF:1
FNH:1
FNDA:1,Register
DA:1,1
DA:2,1
DA:3,1
DA:4,1
DA:5,1
DA:6,1
DA:7,1
DA:9,1
DA:10,1
DA:11,1
DA:12,1
DA:14,1
DA:15,1
DA:16,1
DA:17,1
DA:20,1
DA:24,1
DA:27,1
DA:28,1
DA:32,1
DA:33,1
DA:34,1
DA:35,1
DA:43,1
DA:46,1
DA:48,1
LF:26
LH:26
BRDA:9,0,0,1
BRF:1
BRH:1
end_of_record
TN:
SF:src\services\authService.ts
FN:6,registerUser
FN:34,loginUser
FN:58,getCurrentUser
FN:76,logoutUser
FNF:4
FNH:4
FNDA:4,registerUser
FNDA:3,loginUser
FNDA:3,getCurrentUser
FNDA:3,logoutUser
DA:3,1
DA:4,1
DA:6,1
DA:7,4
DA:9,4
DA:10,4
DA:11,4
DA:12,4
DA:13,4
DA:14,4
DA:15,4
DA:16,4
DA:18,4
DA:19,3
DA:21,3
DA:22,3
DA:23,3
DA:24,1
DA:25,1
DA:26,3
DA:28,3
DA:29,3
DA:31,1
DA:32,1
DA:34,1
DA:35,3
DA:36,3
DA:37,3
DA:38,3
DA:39,3
DA:40,3
DA:41,3
DA:42,3
DA:44,3
DA:45,2
DA:46,2
DA:47,2
DA:48,2
DA:49,1
DA:50,1
DA:51,2
DA:52,2
DA:53,2
DA:55,1
DA:56,1
DA:58,1
DA:59,3
DA:60,3
DA:61,3
DA:62,3
DA:64,3
DA:65,3
DA:66,1
DA:67,1
DA:69,3
DA:70,1
DA:71,1
DA:73,1
DA:74,1
DA:76,1
DA:77,3
DA:78,3
DA:79,3
DA:80,3
DA:82,3
DA:83,1
DA:84,1
DA:85,3
LF:68
LH:68
BRDA:6,0,0,4
BRDA:18,1,0,3
BRDA:22,2,0,2
BRDA:23,3,0,1
BRDA:26,4,0,1
BRDA:29,5,0,1
BRDA:34,6,0,3
BRDA:44,7,0,2
BRDA:48,8,0,1
BRDA:51,9,0,0
BRDA:53,10,0,1
BRDA:58,11,0,3
BRDA:65,12,0,2
BRDA:65,13,0,1
BRDA:67,14,0,2
BRDA:69,15,0,1
BRDA:76,16,0,3
BRDA:82,17,0,2
BRDA:82,18,0,1
BRF:19
BRH:18
end_of_record
TN:
SF:src\styles\filterField.ts
FNF:0
FNH:0
DA:1,1
DA:2,1
LF:2
LH:2
BRF:0
BRH:0
end_of_record
